2019-04-29 21:20:20 INFO  Printer:14 - You should enter 1 or 2
2019-04-29 21:22:36 INFO  Printer:14 - You should enter 1 or 2
2019-04-29 21:22:36 ERROR CustomerAction:38 - You should enter 1 or 2
2019-04-29 21:38:04 INFO  Printer:22 - Minsk ---> Baku, Date - 01.01.2019, Time - 12:00, Price - 200
2019-04-29 21:38:04 INFO  Printer:22 - Moscow ---> Paris, Date - 05.04.2019, Time - 16:00, Price - 300
2019-04-29 22:04:02 INFO  CustomerController:25 - Got existing customer
2019-04-29 22:04:05 INFO  FlightController:47 - Got list of available flights
2019-04-29 22:04:05 INFO  Printer:22 - Minsk ---> Baku, Date - 01.01.2019, Time - 12:00, Price - 200
2019-04-29 22:04:07 INFO  CustomerAction:27 - Ticket is booked
2019-04-29 22:04:48 INFO  CustomerController:25 - Got existing customer
2019-04-29 22:04:49 INFO  Printer:14 - You haven't available flight. Sorry(
2019-04-29 22:04:49 ERROR CustomerAction:39 - You haven't available flight. Sorry(
2019-04-29 22:05:06 INFO  CustomerController:25 - Got existing customer
2019-04-29 22:05:07 INFO  FlightController:68 - Got list of booked by customer flights
2019-04-29 22:05:07 INFO  Printer:22 - Minsk ---> Baku, Date - 01.01.2019, Time - 12:00, Price - 200
2019-04-29 22:05:07 INFO  Printer:22 - Moscow ---> Paris, Date - 05.04.2019, Time - 16:00, Price - 300
2019-04-29 22:05:08 INFO  FlightController:68 - Got list of booked by customer flights
2019-04-29 22:05:08 INFO  CustomerAction:33 - Ticket is returned
2019-04-29 22:50:34 INFO  CustomerController:31 - Added new customer in json
2019-04-29 22:50:38 INFO  Printer:14 - You intered incorrect data. You should enter integer number
2019-04-29 22:50:38 ERROR Lab10:33 - You intered incorrect data. You should enter integer number
2019-04-29 22:53:55 INFO  CustomerController:31 - Added new customer in json
2019-04-29 22:53:57 INFO  FlightController:45 - Got list of available flights
2019-04-29 22:53:57 INFO  Printer:14 - 1[Lby.bntu.fitr.java.inGoslingsFootsteps.Lab10.model.entity.Flight;@3fb4f649
2019-04-29 22:54:32 INFO  CustomerController:31 - Added new customer in json
2019-04-29 22:54:33 INFO  FlightController:45 - Got list of available flights
2019-04-29 22:54:33 INFO  Printer:14 - 1[Lby.bntu.fitr.java.inGoslingsFootsteps.Lab10.model.entity.Flight;@3fb4f649
2019-04-29 23:00:32 INFO  CustomerController:31 - Added new customer in json
2019-04-29 23:00:33 INFO  FlightController:45 - Got list of available flights
2019-04-29 23:00:33 INFO  Printer:23 - [Lby.bntu.fitr.java.inGoslingsFootsteps.Lab10.model.entity.Flight;@3fb4f649
2019-04-29 23:01:14 INFO  CustomerController:31 - Added new customer in json
2019-04-29 23:01:14 INFO  FlightController:45 - Got list of available flights
2019-04-29 23:01:14 INFO  Printer:17 - Minsk ---> Baku, Date - 01.01.2019, Time - 12:00, Price - 200
2019-04-29 23:01:14 INFO  Printer:17 - Moscow ---> Paris, Date - 05.04.2019, Time - 16:00, Price - 300
2019-05-01 15:20:09 INFO  CustomerController:25 - Got existing customer
2019-05-01 15:20:21 INFO  FlightController:45 - Got list of available flights
2019-05-01 15:20:21 INFO  Printer:17 - Moscow ---> Paris, Date - 05.04.2019, Time - 16:00, Price - 300
2019-05-01 15:20:26 INFO  FlightController:77 - Data saved
2019-05-01 15:20:26 INFO  CustomerAction:27 - Ticket is booked
2019-05-01 15:20:56 INFO  CustomerController:25 - Got existing customer
2019-05-01 15:20:58 INFO  Printer:23 - You haven't available flight. Sorry(
2019-05-01 15:20:58 ERROR CustomerAction:39 - You haven't available flight. Sorry(
2019-05-01 15:21:16 INFO  CustomerController:25 - Got existing customer
2019-05-01 15:21:17 INFO  FlightController:66 - Got list of booked by customer flights
2019-05-01 15:21:17 INFO  Printer:17 - Minsk ---> Baku, Date - 01.01.2019, Time - 12:00, Price - 200
2019-05-01 15:21:17 INFO  Printer:17 - Moscow ---> Paris, Date - 05.04.2019, Time - 16:00, Price - 300
2019-05-01 15:21:21 INFO  FlightController:66 - Got list of booked by customer flights
2019-05-01 15:21:21 INFO  FlightController:88 - Data saved
2019-05-01 15:21:22 INFO  CustomerAction:33 - Ticket is returned
2019-05-06 16:07:18 INFO  CustomerController:25 - Got existing customer
2019-05-06 16:07:19 INFO  FlightController:66 - Got list of booked by customer flights
2019-05-06 16:07:19 INFO  Printer:17 - Minsk ---> Baku, Date - 01.01.2019, Time - 12:00, Price - 200
2019-05-06 16:07:21 INFO  FlightController:66 - Got list of booked by customer flights
2019-05-06 16:07:21 INFO  FlightController:88 - Data saved
2019-05-06 16:07:21 INFO  CustomerAction:33 - Ticket is returned
